Traceback (most recent call last):
  File "/opt/hostedtoolcache/Python/3.8.16/x64/lib/python3.8/site-packages/jupyter_cache/executors/utils.py", line 58, in single_nb_execution
    executenb(
  File "/opt/hostedtoolcache/Python/3.8.16/x64/lib/python3.8/site-packages/nbclient/client.py", line 1305, in execute
    return NotebookClient(nb=nb, resources=resources, km=km, **kwargs).execute()
  File "/opt/hostedtoolcache/Python/3.8.16/x64/lib/python3.8/site-packages/jupyter_core/utils/__init__.py", line 166, in wrapped
    return loop.run_until_complete(inner)
  File "/opt/hostedtoolcache/Python/3.8.16/x64/lib/python3.8/asyncio/base_events.py", line 616, in run_until_complete
    return future.result()
  File "/opt/hostedtoolcache/Python/3.8.16/x64/lib/python3.8/site-packages/nbclient/client.py", line 705, in async_execute
    await self.async_execute_cell(
  File "/opt/hostedtoolcache/Python/3.8.16/x64/lib/python3.8/site-packages/nbclient/client.py", line 1058, in async_execute_cell
    await self._check_raise_for_error(cell, cell_index, exec_reply)
  File "/opt/hostedtoolcache/Python/3.8.16/x64/lib/python3.8/site-packages/nbclient/client.py", line 914, in _check_raise_for_error
    raise CellExecutionError.from_cell_and_msg(cell, exec_reply_content)
nbclient.exceptions.CellExecutionError: An error occurred while executing the following cell:
------------------
def f(x):
    "return the inverse square of x"
    return 1.0 / x**2

print(f(3))
print(f([4,5]))
------------------

----- stdout -----
0.1111111111111111
------------------

[0;31m---------------------------------------------------------------------------[0m
[0;31mTypeError[0m                                 Traceback (most recent call last)
Cell [0;32mIn[11], line 6[0m
[1;32m      3[0m     [38;5;28;01mreturn[39;00m [38;5;241m1.0[39m [38;5;241m/[39m x[38;5;241m*[39m[38;5;241m*[39m[38;5;241m2[39m
[1;32m      5[0m [38;5;28mprint[39m(f([38;5;241m3[39m))
[0;32m----> 6[0m [38;5;28mprint[39m([43mf[49m[43m([49m[43m[[49m[38;5;241;43m4[39;49m[43m,[49m[38;5;241;43m5[39;49m[43m][49m[43m)[49m)

Cell [0;32mIn[11], line 3[0m, in [0;36mf[0;34m(x)[0m
[1;32m      1[0m [38;5;28;01mdef[39;00m [38;5;21mf[39m(x):
[1;32m      2[0m     [38;5;124m"[39m[38;5;124mreturn the inverse square of x[39m[38;5;124m"[39m
[0;32m----> 3[0m     [38;5;28;01mreturn[39;00m [38;5;241m1.0[39m [38;5;241m/[39m [43mx[49m[38;5;241;43m*[39;49m[38;5;241;43m*[39;49m[38;5;241;43m2[39;49m

[0;31mTypeError[0m: unsupported operand type(s) for ** or pow(): 'list' and 'int'

