Traceback (most recent call last):
  File "/opt/hostedtoolcache/Python/3.8.16/x64/lib/python3.8/site-packages/jupyter_cache/executors/utils.py", line 58, in single_nb_execution
    executenb(
  File "/opt/hostedtoolcache/Python/3.8.16/x64/lib/python3.8/site-packages/nbclient/client.py", line 1305, in execute
    return NotebookClient(nb=nb, resources=resources, km=km, **kwargs).execute()
  File "/opt/hostedtoolcache/Python/3.8.16/x64/lib/python3.8/site-packages/jupyter_core/utils/__init__.py", line 166, in wrapped
    return loop.run_until_complete(inner)
  File "/opt/hostedtoolcache/Python/3.8.16/x64/lib/python3.8/asyncio/base_events.py", line 616, in run_until_complete
    return future.result()
  File "/opt/hostedtoolcache/Python/3.8.16/x64/lib/python3.8/site-packages/nbclient/client.py", line 705, in async_execute
    await self.async_execute_cell(
  File "/opt/hostedtoolcache/Python/3.8.16/x64/lib/python3.8/site-packages/nbclient/client.py", line 1058, in async_execute_cell
    await self._check_raise_for_error(cell, cell_index, exec_reply)
  File "/opt/hostedtoolcache/Python/3.8.16/x64/lib/python3.8/site-packages/nbclient/client.py", line 914, in _check_raise_for_error
    raise CellExecutionError.from_cell_and_msg(cell, exec_reply_content)
nbclient.exceptions.CellExecutionError: An error occurred while executing the following cell:
------------------
def func(t):
    tspan = [0, t]
    sol = odeint(dCadt, Ca0, tspan)
    return (1.0 - sol[-1])[0]

tsol3, = fsolve(func, tguess)
print(tsol3)
------------------


[0;31m---------------------------------------------------------------------------[0m
[0;31mValueError[0m                                Traceback (most recent call last)
Cell [0;32mIn[10], line 6[0m
[1;32m      3[0m     sol [38;5;241m=[39m odeint(dCadt, Ca0, tspan)
[1;32m      4[0m     [38;5;28;01mreturn[39;00m ([38;5;241m1.0[39m [38;5;241m-[39m sol[[38;5;241m-[39m[38;5;241m1[39m])[[38;5;241m0[39m]
[0;32m----> 6[0m tsol3, [38;5;241m=[39m [43mfsolve[49m[43m([49m[43mfunc[49m[43m,[49m[43m [49m[43mtguess[49m[43m)[49m
[1;32m      7[0m [38;5;28mprint[39m(tsol3)

File [0;32m/opt/hostedtoolcache/Python/3.8.16/x64/lib/python3.8/site-packages/scipy/optimize/_minpack_py.py:163[0m, in [0;36mfsolve[0;34m(func, x0, args, fprime, full_output, col_deriv, xtol, maxfev, band, epsfcn, factor, diag)[0m
[1;32m     51[0m [38;5;250m[39m[38;5;124;03m"""[39;00m
[1;32m     52[0m [38;5;124;03mFind the roots of a function.[39;00m
[1;32m     53[0m 
[0;32m   (...)[0m
[1;32m    153[0m 
[1;32m    154[0m [38;5;124;03m"""[39;00m
[1;32m    155[0m options [38;5;241m=[39m {[38;5;124m'[39m[38;5;124mcol_deriv[39m[38;5;124m'[39m: col_deriv,
[1;32m    156[0m            [38;5;124m'[39m[38;5;124mxtol[39m[38;5;124m'[39m: xtol,
[1;32m    157[0m            [38;5;124m'[39m[38;5;124mmaxfev[39m[38;5;124m'[39m: maxfev,
[0;32m   (...)[0m
[1;32m    160[0m            [38;5;124m'[39m[38;5;124mfactor[39m[38;5;124m'[39m: factor,
[1;32m    161[0m            [38;5;124m'[39m[38;5;124mdiag[39m[38;5;124m'[39m: diag}
[0;32m--> 163[0m res [38;5;241m=[39m [43m_root_hybr[49m[43m([49m[43mfunc[49m[43m,[49m[43m [49m[43mx0[49m[43m,[49m[43m [49m[43margs[49m[43m,[49m[43m [49m[43mjac[49m[38;5;241;43m=[39;49m[43mfprime[49m[43m,[49m[43m [49m[38;5;241;43m*[39;49m[38;5;241;43m*[39;49m[43moptions[49m[43m)[49m
[1;32m    164[0m [38;5;28;01mif[39;00m full_output:
[1;32m    165[0m     x [38;5;241m=[39m res[[38;5;124m'[39m[38;5;124mx[39m[38;5;124m'[39m]

File [0;32m/opt/hostedtoolcache/Python/3.8.16/x64/lib/python3.8/site-packages/scipy/optimize/_minpack_py.py:229[0m, in [0;36m_root_hybr[0;34m(func, x0, args, jac, col_deriv, xtol, maxfev, band, eps, factor, diag, **unknown_options)[0m
[1;32m    227[0m [38;5;28;01mif[39;00m [38;5;129;01mnot[39;00m [38;5;28misinstance[39m(args, [38;5;28mtuple[39m):
[1;32m    228[0m     args [38;5;241m=[39m (args,)
[0;32m--> 229[0m shape, dtype [38;5;241m=[39m [43m_check_func[49m[43m([49m[38;5;124;43m'[39;49m[38;5;124;43mfsolve[39;49m[38;5;124;43m'[39;49m[43m,[49m[43m [49m[38;5;124;43m'[39;49m[38;5;124;43mfunc[39;49m[38;5;124;43m'[39;49m[43m,[49m[43m [49m[43mfunc[49m[43m,[49m[43m [49m[43mx0[49m[43m,[49m[43m [49m[43margs[49m[43m,[49m[43m [49m[43mn[49m[43m,[49m[43m [49m[43m([49m[43mn[49m[43m,[49m[43m)[49m[43m)[49m
[1;32m    230[0m [38;5;28;01mif[39;00m epsfcn [38;5;129;01mis[39;00m [38;5;28;01mNone[39;00m:
[1;32m    231[0m     epsfcn [38;5;241m=[39m finfo(dtype)[38;5;241m.[39meps

File [0;32m/opt/hostedtoolcache/Python/3.8.16/x64/lib/python3.8/site-packages/scipy/optimize/_minpack_py.py:26[0m, in [0;36m_check_func[0;34m(checker, argname, thefunc, x0, args, numinputs, output_shape)[0m
[1;32m     24[0m [38;5;28;01mdef[39;00m [38;5;21m_check_func[39m(checker, argname, thefunc, x0, args, numinputs,
[1;32m     25[0m                 output_shape[38;5;241m=[39m[38;5;28;01mNone[39;00m):
[0;32m---> 26[0m     res [38;5;241m=[39m atleast_1d([43mthefunc[49m[43m([49m[38;5;241;43m*[39;49m[43m([49m[43m([49m[43mx0[49m[43m[[49m[43m:[49m[43mnuminputs[49m[43m][49m[43m,[49m[43m)[49m[43m [49m[38;5;241;43m+[39;49m[43m [49m[43margs[49m[43m)[49m[43m)[49m)
[1;32m     27[0m     [38;5;28;01mif[39;00m (output_shape [38;5;129;01mis[39;00m [38;5;129;01mnot[39;00m [38;5;28;01mNone[39;00m) [38;5;129;01mand[39;00m (shape(res) [38;5;241m!=[39m output_shape):
[1;32m     28[0m         [38;5;28;01mif[39;00m (output_shape[[38;5;241m0[39m] [38;5;241m!=[39m [38;5;241m1[39m):

Cell [0;32mIn[10], line 3[0m, in [0;36mfunc[0;34m(t)[0m
[1;32m      1[0m [38;5;28;01mdef[39;00m [38;5;21mfunc[39m(t):
[1;32m      2[0m     tspan [38;5;241m=[39m [[38;5;241m0[39m, t]
[0;32m----> 3[0m     sol [38;5;241m=[39m [43modeint[49m[43m([49m[43mdCadt[49m[43m,[49m[43m [49m[43mCa0[49m[43m,[49m[43m [49m[43mtspan[49m[43m)[49m
[1;32m      4[0m     [38;5;28;01mreturn[39;00m ([38;5;241m1.0[39m [38;5;241m-[39m sol[[38;5;241m-[39m[38;5;241m1[39m])[[38;5;241m0[39m]

File [0;32m/opt/hostedtoolcache/Python/3.8.16/x64/lib/python3.8/site-packages/scipy/integrate/_odepack_py.py:234[0m, in [0;36modeint[0;34m(func, y0, t, args, Dfun, col_deriv, full_output, ml, mu, rtol, atol, tcrit, h0, hmax, hmin, ixpr, mxstep, mxhnil, mxordn, mxords, printmessg, tfirst)[0m
[1;32m    231[0m [38;5;28;01mif[39;00m mu [38;5;129;01mis[39;00m [38;5;28;01mNone[39;00m:
[1;32m    232[0m     mu [38;5;241m=[39m [38;5;241m-[39m[38;5;241m1[39m  [38;5;66;03m# changed to zero inside function call[39;00m
[0;32m--> 234[0m dt [38;5;241m=[39m [43mnp[49m[38;5;241;43m.[39;49m[43mdiff[49m[43m([49m[43mt[49m[43m)[49m
[1;32m    235[0m [38;5;28;01mif[39;00m [38;5;129;01mnot[39;00m ((dt [38;5;241m>[39m[38;5;241m=[39m [38;5;241m0[39m)[38;5;241m.[39mall() [38;5;129;01mor[39;00m (dt [38;5;241m<[39m[38;5;241m=[39m [38;5;241m0[39m)[38;5;241m.[39mall()):
[1;32m    236[0m     [38;5;28;01mraise[39;00m [38;5;167;01mValueError[39;00m([38;5;124m"[39m[38;5;124mThe values in t must be monotonically increasing [39m[38;5;124m"[39m
[1;32m    237[0m                      [38;5;124m"[39m[38;5;124mor monotonically decreasing; repeated values are [39m[38;5;124m"[39m
[1;32m    238[0m                      [38;5;124m"[39m[38;5;124mallowed.[39m[38;5;124m"[39m)

File [0;32m<__array_function__ internals>:200[0m, in [0;36mdiff[0;34m(*args, **kwargs)[0m

File [0;32m/opt/hostedtoolcache/Python/3.8.16/x64/lib/python3.8/site-packages/numpy/lib/function_base.py:1411[0m, in [0;36mdiff[0;34m(a, n, axis, prepend, append)[0m
[1;32m   1407[0m [38;5;28;01mif[39;00m n [38;5;241m<[39m [38;5;241m0[39m:
[1;32m   1408[0m     [38;5;28;01mraise[39;00m [38;5;167;01mValueError[39;00m(
[1;32m   1409[0m         [38;5;124m"[39m[38;5;124morder must be non-negative but got [39m[38;5;124m"[39m [38;5;241m+[39m [38;5;28mrepr[39m(n))
[0;32m-> 1411[0m a [38;5;241m=[39m [43masanyarray[49m[43m([49m[43ma[49m[43m)[49m
[1;32m   1412[0m nd [38;5;241m=[39m a[38;5;241m.[39mndim
[1;32m   1413[0m [38;5;28;01mif[39;00m nd [38;5;241m==[39m [38;5;241m0[39m:

[0;31mValueError[0m: setting an array element with a sequence. The requested array has an inhomogeneous shape after 1 dimensions. The detected shape was (2,) + inhomogeneous part.

