Traceback (most recent call last):
  File "/opt/hostedtoolcache/Python/3.8.16/x64/lib/python3.8/site-packages/jupyter_cache/executors/utils.py", line 58, in single_nb_execution
    executenb(
  File "/opt/hostedtoolcache/Python/3.8.16/x64/lib/python3.8/site-packages/nbclient/client.py", line 1305, in execute
    return NotebookClient(nb=nb, resources=resources, km=km, **kwargs).execute()
  File "/opt/hostedtoolcache/Python/3.8.16/x64/lib/python3.8/site-packages/jupyter_core/utils/__init__.py", line 166, in wrapped
    return loop.run_until_complete(inner)
  File "/opt/hostedtoolcache/Python/3.8.16/x64/lib/python3.8/asyncio/base_events.py", line 616, in run_until_complete
    return future.result()
  File "/opt/hostedtoolcache/Python/3.8.16/x64/lib/python3.8/site-packages/nbclient/client.py", line 705, in async_execute
    await self.async_execute_cell(
  File "/opt/hostedtoolcache/Python/3.8.16/x64/lib/python3.8/site-packages/nbclient/client.py", line 1058, in async_execute_cell
    await self._check_raise_for_error(cell, cell_index, exec_reply)
  File "/opt/hostedtoolcache/Python/3.8.16/x64/lib/python3.8/site-packages/nbclient/client.py", line 914, in _check_raise_for_error
    raise CellExecutionError.from_cell_and_msg(cell, exec_reply_content)
nbclient.exceptions.CellExecutionError: An error occurred while executing the following cell:
------------------
import sys

print('before: ', sys.stdout)
try:
    with open('data/debug-2.txt', 'w') as f:
        sys.stdout = f
        # print to the original stdout
        print('during: ', sys.stdout, file=sys.__stdout__)
        debug()
        raise Exception('something bad happened')
finally:
    # reset stdout
    sys.stdout = sys.__stdout__

print('after: ', sys.stdout)
print(f) # verify it is closed
print(sys.stdout) # verify this is reset
------------------


[0;31m---------------------------------------------------------------------------[0m
[0;31mException[0m                                 Traceback (most recent call last)
Cell [0;32mIn[25], line 10[0m
[1;32m      8[0m         [38;5;28mprint[39m([38;5;124m'[39m[38;5;124mduring: [39m[38;5;124m'[39m, sys[38;5;241m.[39mstdout, file[38;5;241m=[39msys[38;5;241m.[39m__stdout__)
[1;32m      9[0m         debug()
[0;32m---> 10[0m         [38;5;28;01mraise[39;00m [38;5;167;01mException[39;00m([38;5;124m'[39m[38;5;124msomething bad happened[39m[38;5;124m'[39m)
[1;32m     11[0m [38;5;28;01mfinally[39;00m:
[1;32m     12[0m     [38;5;66;03m# reset stdout[39;00m
[1;32m     13[0m     sys[38;5;241m.[39mstdout [38;5;241m=[39m sys[38;5;241m.[39m__stdout__

[0;31mException[0m: something bad happened

