Traceback (most recent call last):
  File "/Users/jkitchin/anaconda3/lib/python3.10/site-packages/jupyter_cache/executors/utils.py", line 58, in single_nb_execution
    executenb(
  File "/Users/jkitchin/anaconda3/lib/python3.10/site-packages/nbclient/client.py", line 1204, in execute
    return NotebookClient(nb=nb, resources=resources, km=km, **kwargs).execute()
  File "/Users/jkitchin/anaconda3/lib/python3.10/site-packages/nbclient/util.py", line 84, in wrapped
    return just_run(coro(*args, **kwargs))
  File "/Users/jkitchin/anaconda3/lib/python3.10/site-packages/nbclient/util.py", line 62, in just_run
    return loop.run_until_complete(coro)
  File "/Users/jkitchin/anaconda3/lib/python3.10/asyncio/base_events.py", line 649, in run_until_complete
    return future.result()
  File "/Users/jkitchin/anaconda3/lib/python3.10/site-packages/nbclient/client.py", line 663, in async_execute
    await self.async_execute_cell(
  File "/Users/jkitchin/anaconda3/lib/python3.10/site-packages/nbclient/client.py", line 965, in async_execute_cell
    await self._check_raise_for_error(cell, cell_index, exec_reply)
  File "/Users/jkitchin/anaconda3/lib/python3.10/site-packages/nbclient/client.py", line 862, in _check_raise_for_error
    raise CellExecutionError.from_cell_and_msg(cell, exec_reply_content)
nbclient.exceptions.CellExecutionError: An error occurred while executing the following cell:
------------------
import quantities as u
import numpy as np

from scipy.optimize import fsolve
CA0 = 1 * u.mol / u.L
CA = 0.01 * u.mol / u.L
k = 1.0 / u.s

def func(t):
    return CA - CA0 * np.exp(-k * t)

tguess = 4 * u.s

print(func(tguess))

print(fsolve(func, tguess))
------------------

[0;31m---------------------------------------------------------------------------[0m
[0;31mValueError[0m                                Traceback (most recent call last)
Cell [0;32mIn[1], line 16[0m
[1;32m     12[0m tguess [38;5;241m=[39m [38;5;241m4[39m [38;5;241m*[39m u[38;5;241m.[39ms
[1;32m     14[0m [38;5;28mprint[39m(func(tguess))
[0;32m---> 16[0m [38;5;28mprint[39m([43mfsolve[49m[43m([49m[43mfunc[49m[43m,[49m[43m [49m[43mtguess[49m[43m)[49m)

File [0;32m~/anaconda3/lib/python3.10/site-packages/scipy/optimize/_minpack_py.py:163[0m, in [0;36mfsolve[0;34m(func, x0, args, fprime, full_output, col_deriv, xtol, maxfev, band, epsfcn, factor, diag)[0m
[1;32m     51[0m [38;5;124;03m"""[39;00m
[1;32m     52[0m [38;5;124;03mFind the roots of a function.[39;00m
[1;32m     53[0m 
[0;32m   (...)[0m
[1;32m    153[0m 
[1;32m    154[0m [38;5;124;03m"""[39;00m
[1;32m    155[0m options [38;5;241m=[39m {[38;5;124m'[39m[38;5;124mcol_deriv[39m[38;5;124m'[39m: col_deriv,
[1;32m    156[0m            [38;5;124m'[39m[38;5;124mxtol[39m[38;5;124m'[39m: xtol,
[1;32m    157[0m            [38;5;124m'[39m[38;5;124mmaxfev[39m[38;5;124m'[39m: maxfev,
[0;32m   (...)[0m
[1;32m    160[0m            [38;5;124m'[39m[38;5;124mfactor[39m[38;5;124m'[39m: factor,
[1;32m    161[0m            [38;5;124m'[39m[38;5;124mdiag[39m[38;5;124m'[39m: diag}
[0;32m--> 163[0m res [38;5;241m=[39m [43m_root_hybr[49m[43m([49m[43mfunc[49m[43m,[49m[43m [49m[43mx0[49m[43m,[49m[43m [49m[43margs[49m[43m,[49m[43m [49m[43mjac[49m[38;5;241;43m=[39;49m[43mfprime[49m[43m,[49m[43m [49m[38;5;241;43m*[39;49m[38;5;241;43m*[39;49m[43moptions[49m[43m)[49m
[1;32m    164[0m [38;5;28;01mif[39;00m full_output:
[1;32m    165[0m     x [38;5;241m=[39m res[[38;5;124m'[39m[38;5;124mx[39m[38;5;124m'[39m]

File [0;32m~/anaconda3/lib/python3.10/site-packages/scipy/optimize/_minpack_py.py:229[0m, in [0;36m_root_hybr[0;34m(func, x0, args, jac, col_deriv, xtol, maxfev, band, eps, factor, diag, **unknown_options)[0m
[1;32m    227[0m [38;5;28;01mif[39;00m [38;5;129;01mnot[39;00m [38;5;28misinstance[39m(args, [38;5;28mtuple[39m):
[1;32m    228[0m     args [38;5;241m=[39m (args,)
[0;32m--> 229[0m shape, dtype [38;5;241m=[39m [43m_check_func[49m[43m([49m[38;5;124;43m'[39;49m[38;5;124;43mfsolve[39;49m[38;5;124;43m'[39;49m[43m,[49m[43m [49m[38;5;124;43m'[39;49m[38;5;124;43mfunc[39;49m[38;5;124;43m'[39;49m[43m,[49m[43m [49m[43mfunc[49m[43m,[49m[43m [49m[43mx0[49m[43m,[49m[43m [49m[43margs[49m[43m,[49m[43m [49m[43mn[49m[43m,[49m[43m [49m[43m([49m[43mn[49m[43m,[49m[43m)[49m[43m)[49m
[1;32m    230[0m [38;5;28;01mif[39;00m epsfcn [38;5;129;01mis[39;00m [38;5;28;01mNone[39;00m:
[1;32m    231[0m     epsfcn [38;5;241m=[39m finfo(dtype)[38;5;241m.[39meps

File [0;32m~/anaconda3/lib/python3.10/site-packages/scipy/optimize/_minpack_py.py:26[0m, in [0;36m_check_func[0;34m(checker, argname, thefunc, x0, args, numinputs, output_shape)[0m
[1;32m     24[0m [38;5;28;01mdef[39;00m [38;5;21m_check_func[39m(checker, argname, thefunc, x0, args, numinputs,
[1;32m     25[0m                 output_shape[38;5;241m=[39m[38;5;28;01mNone[39;00m):
[0;32m---> 26[0m     res [38;5;241m=[39m atleast_1d([43mthefunc[49m[43m([49m[38;5;241;43m*[39;49m[43m([49m[43m([49m[43mx0[49m[43m[[49m[43m:[49m[43mnuminputs[49m[43m][49m[43m,[49m[43m)[49m[43m [49m[38;5;241;43m+[39;49m[43m [49m[43margs[49m[43m)[49m[43m)[49m)
[1;32m     27[0m     [38;5;28;01mif[39;00m (output_shape [38;5;129;01mis[39;00m [38;5;129;01mnot[39;00m [38;5;28;01mNone[39;00m) [38;5;129;01mand[39;00m (shape(res) [38;5;241m!=[39m output_shape):
[1;32m     28[0m         [38;5;28;01mif[39;00m (output_shape[[38;5;241m0[39m] [38;5;241m!=[39m [38;5;241m1[39m):

Cell [0;32mIn[1], line 10[0m, in [0;36mfunc[0;34m(t)[0m
[1;32m      9[0m [38;5;28;01mdef[39;00m [38;5;21mfunc[39m(t):
[0;32m---> 10[0m     [38;5;28;01mreturn[39;00m CA [38;5;241m-[39m CA0 [38;5;241m*[39m [43mnp[49m[38;5;241;43m.[39;49m[43mexp[49m[43m([49m[38;5;241;43m-[39;49m[43mk[49m[43m [49m[38;5;241;43m*[39;49m[43m [49m[43mt[49m[43m)[49m

File [0;32m~/anaconda3/lib/python3.10/site-packages/quantities/quantity.py:277[0m, in [0;36mQuantity.__array_prepare__[0;34m(self, obj, context)[0m
[1;32m    275[0m [38;5;66;03m#print self, obj, res, uf, objs[39;00m
[1;32m    276[0m [38;5;28;01mtry[39;00m:
[0;32m--> 277[0m     res[38;5;241m.[39m_dimensionality [38;5;241m=[39m [43mp_dict[49m[43m[[49m[43muf[49m[43m][49m[43m([49m[38;5;241;43m*[39;49m[43mobjs[49m[43m)[49m
[1;32m    278[0m [38;5;28;01mexcept[39;00m [38;5;167;01mKeyError[39;00m:
[1;32m    279[0m     [38;5;28;01mraise[39;00m [38;5;167;01mValueError[39;00m(
[1;32m    280[0m         [38;5;124;03m"""ufunc %r not supported by quantities[39;00m
[1;32m    281[0m [38;5;124;03m        please file a bug report at https://github.com/python-quantities[39;00m
[1;32m    282[0m [38;5;124;03m        """[39;00m [38;5;241m%[39m uf
[1;32m    283[0m         )

File [0;32m~/anaconda3/lib/python3.10/site-packages/quantities/dimensionality.py:363[0m, in [0;36m_d_dimensionless[0;34m(q1, out)[0m
[1;32m    361[0m [38;5;28;01mdef[39;00m [38;5;21m_d_dimensionless[39m(q1, out[38;5;241m=[39m[38;5;28;01mNone[39;00m):
[1;32m    362[0m     [38;5;28;01mif[39;00m [38;5;28mgetattr[39m(q1, [38;5;124m'[39m[38;5;124mdimensionality[39m[38;5;124m'[39m, [38;5;28;01mNone[39;00m):
[0;32m--> 363[0m         [38;5;28;01mraise[39;00m [38;5;167;01mValueError[39;00m([38;5;124m"[39m[38;5;124mquantity must be dimensionless[39m[38;5;124m"[39m)
[1;32m    364[0m     [38;5;28;01mreturn[39;00m Dimensionality()

[0;31mValueError[0m: quantity must be dimensionless
ValueError: quantity must be dimensionless

